[2024-09-24 12:05:58] local.INFO: 9060013 File 9060013_13_20_1.pdf as ΑΓΓΕΛΟΠΟΥΛΟΥ ΚΑΛΛΙΟΠΗ 590317_signed.pdf successfully downloaded  
[2024-09-24 12:06:26] local.INFO: 9060013 File 9060013_13_18_1.pdf as ΑΓΓΕΛΗ ΘΕΟΔΩΡΑ_signed.pdf successfully downloaded  
[2024-09-24 12:06:30] local.INFO: 9060013 File 9060013_13_20_1.pdf as ΑΓΓΕΛΟΠΟΥΛΟΥ ΚΑΛΛΙΟΠΗ 590317_signed.pdf successfully downloaded  
[2024-09-24 12:06:36] local.INFO: 9060013 changed status of file 18  
[2024-09-24 12:06:43] local.INFO: 9060013 changed status of file 20  
[2024-09-24 12:08:11] local.INFO: 9060013 File 9060013_13_18_1.pdf as ΑΓΓΕΛΗ ΘΕΟΔΩΡΑ_signed.pdf successfully downloaded  
[2024-09-24 12:08:15] local.INFO: 9060013 File 9060013_13_20_1.pdf as ΑΓΓΕΛΟΠΟΥΛΟΥ ΚΑΛΛΙΟΠΗ 590317_signed.pdf successfully downloaded  
[2024-09-24 12:09:10] local.INFO: 9060013 File 9060013_13_20_2.pdf successfully uploaded  
[2024-09-24 12:09:21] local.INFO: 9060013 File 9060013_13_20_2.pdf successfully uploaded  
[2024-09-24 12:09:23] local.INFO: 9060013 File 9060013_13_20_2.pdf as 575709 ΜΑΡΑΓΚΟΣ ΝΙΚΟΛΑΟΣ-14018_signed.pdf successfully downloaded  
[2024-09-24 12:09:47] local.INFO: 9060013 File 9060013_13_20_2.pdf as 575709 ΜΑΡΑΓΚΟΣ ΝΙΚΟΛΑΟΣ-14018_signed.pdf successfully downloaded  
[2024-09-24 12:09:52] local.INFO: 9060013 changed status of file 20  
[2024-09-24 12:10:14] local.INFO: 9060013 changed status of file 21  
[2024-09-24 12:10:23] local.INFO: 9060013 File 9060013_13_21_2.pdf successfully uploaded  
[2024-09-24 12:10:34] local.INFO: 9060013 changed status of file 21  
[2024-09-24 12:10:52] local.INFO: 9060013 File 9060013_13_21_3.pdf successfully uploaded  
[2024-09-24 12:11:17] local.INFO: 9060013 File 9060013_13_21_3.pdf successfully uploaded  
[2024-09-24 12:11:23] local.INFO: 9060013 changed status of file 21  
[2024-09-24 12:11:32] local.INFO: 9060013 File 9060013_13_21_4.pdf successfully uploaded  
[2024-09-24 12:11:39] local.INFO: 9060013 changed status of file 21  
[2024-09-24 12:12:40] local.INFO: 9060013 File 9060013_13_21_3.pdf as 587087 ΠΑΓΑΝΙΑ ΓΕΩΡΓΙΑ-10570_signed.pdf successfully downloaded  
[2024-09-24 12:13:09] local.INFO: 9060013 changed status of file 20  
[2024-09-24 12:26:41] local.INFO: 9060013 changed status of file 21  
[2024-09-24 13:00:16] local.INFO: 9060013 changed status of file 20  
[2024-09-24 13:00:24] local.INFO: 9060013 changed status of file 20  
[2024-09-24 14:15:57] local.INFO: 9060013 changed status of file 20  
[2024-09-24 14:16:01] local.INFO: 9060013 changed status of file 20  
[2024-09-24 14:22:47] local.INFO: 9060013 changed status of file 20  
[2024-09-24 14:22:51] local.INFO: 9060013 changed status of file 21  
[2024-09-24 14:22:53] local.INFO: 9060013 changed status of file 21  
[2024-09-24 14:23:12] local.INFO: 9060013 changed status of file 21  
[2024-09-24 14:23:15] local.INFO: 9060013 changed status of file 21  
[2024-09-24 14:24:44] local.INFO: 9060013 File 9060013_13_21_3.pdf as 587087 ΠΑΓΑΝΙΑ ΓΕΩΡΓΙΑ-10570_signed.pdf successfully downloaded  
[2024-09-24 14:24:47] local.INFO: 9060013 changed status of file 21  
[2024-09-24 14:33:23] local.INFO: 9060013 changed status of file 20  
[2024-09-24 14:33:27] local.INFO: 9060013 changed status of file 20  
[2024-09-24 14:33:34] local.INFO: 9060013 changed status of file 18  
[2024-09-24 14:36:39] local.INFO: 9060013 Timetable Files successfully uploaded  
[2024-09-24 14:36:55] local.INFO: 9060013 changed status of file 22  
[2024-09-24 14:37:04] local.INFO: 9060013 changed status of file 22  
[2024-09-24 14:37:07] local.INFO: 9060013 changed status of file 22  
[2024-09-24 14:38:29] local.INFO: 9060013 changed status of file 22  
[2024-09-24 14:38:31] local.INFO: 9060013 changed status of file 22  
[2024-09-24 14:38:35] local.INFO: 9060013 changed status of file 23  
[2024-09-24 14:38:41] local.INFO: 9060013 changed status of file 23  
[2024-09-24 14:38:44] local.INFO: 9060013 changed status of file 23  
[2024-09-24 14:38:53] local.INFO: 9060013 changed status of file 24  
[2024-09-24 14:46:29] local.INFO: 9060013 File 9060013_14_22_2.pdf successfully uploaded  
[2024-09-24 14:55:22] local.INFO: 9060013 changed status of file 24  
[2024-09-24 15:09:12] local.INFO: 9060013 Timetable Files successfully uploaded  
[2024-09-24 15:09:21] local.INFO: 9060013 changed status of file 25  
